<?xml version="1.0" encoding="UTF-8"?>
<!-- Generated by org.testng.reporters.JUnitReportReporter -->
<testsuite hostname="DESKTOP-30OBHVG" failures="0" tests="2" name="seleniumpractice1.NewTest" time="0.020" errors="0" timestamp="2025-07-08T17:07:25 IST" skipped="0">
  <testcase classname="seleniumpractice1.NewTest" name="f" time="0.002"/>
  <testcase classname="seleniumpractice1.NewTest" name="f" time="0.018"/>
</testsuite> <!-- seleniumpractice1.NewTest -->
